<?xml version="1.0" encoding="UTF-8"?>
<testsuites name="Testing Automated" time="16.435" tests="1" failures="0" errors="0">
   <testsuite name="Testing Automated" tests="1" failures="0" errors="0" time="16.435" skipped="0" timestamp="18-06-2024T13:57:31" hostname="foundation-011 - 10-63-56-6.0200.ilb.id.iosda.org" id="Test Suites/Testing Automated">
      <properties>
         <property name="deviceName" value=""/>
         <property name="devicePlatform"/>
         <property name="logFolder" value="/Users/foundation-011/Katalon Studio/Pengujian CIS IT Del/Reports/20240618_135726/Testing Automated/20240618_135727"/>
         <property name="logFiles" value="/Users/foundation-011/Katalon Studio/Pengujian CIS IT Del/Reports/20240618_135726/Testing Automated/20240618_135727/execution0.log"/>
         <property name="attachments" value=""/>
         <property name="hostName" value="foundation-011 - 10-63-56-6.0200.ilb.id.iosda.org"/>
         <property name="os" value="Mac OS X 64bit"/>
         <property name="katalonVersion" value="9.6.0.217"/>
         <property name="browser" value="Chrome 126.0.0.0"/>
         <property name="hostAddress" value="10.63.56.6"/>
         <property name="sessionId" value="b7b49d46654daa00d0bab526cfec467f"/>
         <property name="seleniumVersion" value="3.141.59"/>
         <property name="proxyInformation" value="ProxyInformation { proxyOption=NO_PROXY, proxyServerType=HTTP, username=, password=********, proxyServerAddress=, proxyServerPort=0, executionList=&quot;&quot;, isApplyToDesiredCapabilities=true }"/>
         <property name="platform" value="Mac OS X"/>
      </properties>
      <testcase name="Test Cases/Asrama dan Kemahasiswaan/Izin Ruangan" time="16.372" classname="Test Cases/Asrama dan Kemahasiswaan/Izin Ruangan" status="PASSED">
         <system-out><![CDATA[18-06-2024T13:57:31 - [TEST_CASE][PASSED] - Test Cases/Asrama dan Kemahasiswaan/Izin Ruangan: Test Cases/Asrama dan Kemahasiswaan/Izin Ruangan

18-06-2024T13:57:31 - [TEST_STEP][PASSED] - openBrowser(""): Browser is opened with url: ''

18-06-2024T13:57:31 - [MESSAGE][INFO] - Starting 'Chrome' driver

18-06-2024T13:57:31 - [MESSAGE][INFO] - Action delay is set to 0 milliseconds

18-06-2024T13:57:32 - [MESSAGE][PASSED] - Browser is opened with url: ''

18-06-2024T13:57:32 - [TEST_STEP][PASSED] - navigateToUrl("https://cis.del.ac.id/user/login"): Navigate to 'https://cis.del.ac.id/user/login' successfully

18-06-2024T13:57:34 - [MESSAGE][PASSED] - Navigate to 'https://cis.del.ac.id/user/login' successfully

18-06-2024T13:57:34 - [TEST_STEP][PASSED] - setText(findTestObject("Object Repository/Page_Login/input_Username_LoginFormusername"), "if322061"): Text 'if322061' is set on object 'Object Repository/Page_Login/input_Username_LoginFormusername'

18-06-2024T13:57:35 - [MESSAGE][PASSED] - Text 'if322061' is set on object 'Object Repository/Page_Login/input_Username_LoginFormusername'

18-06-2024T13:57:35 - [TEST_STEP][PASSED] - setEncryptedText(findTestObject("Object Repository/Page_Login/input_Password_LoginFormpassword"), "r0h5FLeGCTYg+BkHRFNenXgKWnGicbHL"): Text ****** has been set on object 'Object Repository/Page_Login/input_Password_LoginFormpassword'

18-06-2024T13:57:35 - [MESSAGE][PASSED] - Text ****** has been set on object 'Object Repository/Page_Login/input_Password_LoginFormpassword'

18-06-2024T13:57:35 - [TEST_STEP][PASSED] - click(findTestObject("Object Repository/Page_Login/button_Sign In")): Object: 'Object Repository/Page_Login/button_Sign In' is clicked on

18-06-2024T13:57:35 - [MESSAGE][PASSED] - Object: 'Object Repository/Page_Login/button_Sign In' is clicked on

18-06-2024T13:57:35 - [TEST_STEP][PASSED] - click(findTestObject("Object Repository/Page_Dashboard/span_Asrama  Kemahasiswaan")): Object: 'Object Repository/Page_Dashboard/span_Asrama  Kemahasiswaan' is clicked on

18-06-2024T13:57:38 - [MESSAGE][PASSED] - Object: 'Object Repository/Page_Dashboard/span_Asrama  Kemahasiswaan' is clicked on

18-06-2024T13:57:38 - [TEST_STEP][PASSED] - click(findTestObject("Object Repository/Page_Dashboard/a_Izin Ruangan")): Object: 'Object Repository/Page_Dashboard/a_Izin Ruangan' is clicked on

18-06-2024T13:57:39 - [MESSAGE][PASSED] - Object: 'Object Repository/Page_Dashboard/a_Izin Ruangan' is clicked on

18-06-2024T13:57:39 - [TEST_STEP][PASSED] - click(findTestObject("Object Repository/Page_Izin Penggunaan Ruangan/a_Request")): Object: 'Object Repository/Page_Izin Penggunaan Ruangan/a_Request' is clicked on

18-06-2024T13:57:40 - [MESSAGE][PASSED] - Object: 'Object Repository/Page_Izin Penggunaan Ruangan/a_Request' is clicked on

18-06-2024T13:57:40 - [TEST_STEP][PASSED] - click(findTestObject("Object Repository/Page_Request Izin Penggunaan Ruangan/input_Rencana Mulai_IzinRuanganrencana_mulai")): Object: 'Object Repository/Page_Request Izin Penggunaan Ruangan/input_Rencana Mulai_IzinRuanganrencana_mulai' is clicked on

18-06-2024T13:57:41 - [MESSAGE][PASSED] - Object: 'Object Repository/Page_Request Izin Penggunaan Ruangan/input_Rencana Mulai_IzinRuanganrencana_mulai' is clicked on

18-06-2024T13:57:41 - [TEST_STEP][PASSED] - click(findTestObject("Object Repository/Page_Request Izin Penggunaan Ruangan/td_20")): Object: 'Object Repository/Page_Request Izin Penggunaan Ruangan/td_20' is clicked on

18-06-2024T13:57:41 - [MESSAGE][PASSED] - Object: 'Object Repository/Page_Request Izin Penggunaan Ruangan/td_20' is clicked on

18-06-2024T13:57:41 - [TEST_STEP][PASSED] - click(findTestObject("Object Repository/Page_Request Izin Penggunaan Ruangan/span_1000")): Object: 'Object Repository/Page_Request Izin Penggunaan Ruangan/span_1000' is clicked on

18-06-2024T13:57:42 - [MESSAGE][PASSED] - Object: 'Object Repository/Page_Request Izin Penggunaan Ruangan/span_1000' is clicked on

18-06-2024T13:57:42 - [TEST_STEP][PASSED] - click(findTestObject("Object Repository/Page_Request Izin Penggunaan Ruangan/span_1025")): Object: 'Object Repository/Page_Request Izin Penggunaan Ruangan/span_1025' is clicked on

18-06-2024T13:57:43 - [MESSAGE][PASSED] - Object: 'Object Repository/Page_Request Izin Penggunaan Ruangan/span_1025' is clicked on

18-06-2024T13:57:43 - [TEST_STEP][PASSED] - click(findTestObject("Object Repository/Page_Request Izin Penggunaan Ruangan/input_Rencana Berakhir_IzinRuanganrencana_berakhir")): Object: 'Object Repository/Page_Request Izin Penggunaan Ruangan/input_Rencana Berakhir_IzinRuanganrencana_berakhir' is clicked on

18-06-2024T13:57:43 - [MESSAGE][PASSED] - Object: 'Object Repository/Page_Request Izin Penggunaan Ruangan/input_Rencana Berakhir_IzinRuanganrencana_berakhir' is clicked on

18-06-2024T13:57:43 - [TEST_STEP][PASSED] - click(findTestObject("Object Repository/Page_Request Izin Penggunaan Ruangan/td_21")): Object: 'Object Repository/Page_Request Izin Penggunaan Ruangan/td_21' is clicked on

18-06-2024T13:57:44 - [MESSAGE][PASSED] - Object: 'Object Repository/Page_Request Izin Penggunaan Ruangan/td_21' is clicked on

18-06-2024T13:57:44 - [TEST_STEP][PASSED] - click(findTestObject("Object Repository/Page_Request Izin Penggunaan Ruangan/span_1100")): Object: 'Object Repository/Page_Request Izin Penggunaan Ruangan/span_1100' is clicked on

18-06-2024T13:57:44 - [MESSAGE][PASSED] - Object: 'Object Repository/Page_Request Izin Penggunaan Ruangan/span_1100' is clicked on

18-06-2024T13:57:44 - [TEST_STEP][PASSED] - click(findTestObject("Object Repository/Page_Request Izin Penggunaan Ruangan/span_1150")): Object: 'Object Repository/Page_Request Izin Penggunaan Ruangan/span_1150' is clicked on

18-06-2024T13:57:45 - [MESSAGE][PASSED] - Object: 'Object Repository/Page_Request Izin Penggunaan Ruangan/span_1150' is clicked on

18-06-2024T13:57:45 - [TEST_STEP][PASSED] - click(findTestObject("Object Repository/Page_Request Izin Penggunaan Ruangan/label_Keterangan")): Object: 'Object Repository/Page_Request Izin Penggunaan Ruangan/label_Keterangan' is clicked on

18-06-2024T13:57:45 - [MESSAGE][PASSED] - Object: 'Object Repository/Page_Request Izin Penggunaan Ruangan/label_Keterangan' is clicked on

18-06-2024T13:57:45 - [TEST_STEP][PASSED] - setText(findTestObject("Object Repository/Page_Request Izin Penggunaan Ruangan/textarea_Keterangan_IzinRuangandesc"), "Automated Testing"): Text 'Automated Testing' is set on object 'Object Repository/Page_Request Izin Penggunaan Ruangan/textarea_Keterangan_IzinRuangandesc'

18-06-2024T13:57:46 - [MESSAGE][PASSED] - Text 'Automated Testing' is set on object 'Object Repository/Page_Request Izin Penggunaan Ruangan/textarea_Keterangan_IzinRuangandesc'

18-06-2024T13:57:46 - [TEST_STEP][PASSED] - click(findTestObject("Object Repository/Page_Request Izin Penggunaan Ruangan/label_Lokasi")): Object: 'Object Repository/Page_Request Izin Penggunaan Ruangan/label_Lokasi' is clicked on

18-06-2024T13:57:46 - [MESSAGE][PASSED] - Object: 'Object Repository/Page_Request Izin Penggunaan Ruangan/label_Lokasi' is clicked on

18-06-2024T13:57:46 - [TEST_STEP][PASSED] - selectOptionByValue(findTestObject("Object Repository/Page_Request Izin Penggunaan Ruangan/select_Pilih RuanganGD512GD723AUDGD516GD714_0f9729"), "11", true): All options with value '11' are selected in object 'Object Repository/Page_Request Izin Penggunaan Ruangan/select_Pilih RuanganGD512GD723AUDGD516GD714_0f9729'  using regular expression

18-06-2024T13:57:47 - [MESSAGE][PASSED] - All options with value '11' are selected in object 'Object Repository/Page_Request Izin Penggunaan Ruangan/select_Pilih RuanganGD512GD723AUDGD516GD714_0f9729'  using regular expression

18-06-2024T13:57:47 - [TEST_STEP][PASSED] - click(findTestObject("Object Repository/Page_Request Izin Penggunaan Ruangan/button_Buat Baru")): Object: 'Object Repository/Page_Request Izin Penggunaan Ruangan/button_Buat Baru' is clicked on

18-06-2024T13:57:47 - [MESSAGE][PASSED] - Object: 'Object Repository/Page_Request Izin Penggunaan Ruangan/button_Buat Baru' is clicked on

18-06-2024T13:57:47 - [TEST_STEP][PASSED] - closeBrowser(): Browser is closed

18-06-2024T13:57:47 - [MESSAGE][PASSED] - Browser is closed]]></system-out>
         <system-err><![CDATA[]]></system-err>
      </testcase>
      <system-out><![CDATA[18-06-2024T13:57:31 - [TEST_SUITE][PASSED] - Testing Automated: Test Cases/Asrama dan Kemahasiswaan/Izin Ruangan]]></system-out>
      <system-err><![CDATA[]]></system-err>
   </testsuite>
</testsuites>
