<?xml version="1.0" encoding="UTF-8"?>
<testsuites name="Testing Automated" time="13.281" tests="1" failures="0" errors="0">
   <testsuite name="Testing Automated" tests="1" failures="0" errors="0" time="13.281" skipped="0" timestamp="18-06-2024T13:58:38" hostname="foundation-011 - 10-63-56-6.0200.ilb.id.iosda.org" id="Test Suites/Testing Automated">
      <properties>
         <property name="deviceName" value=""/>
         <property name="devicePlatform"/>
         <property name="logFolder" value="/Users/foundation-011/Katalon Studio/Pengujian CIS IT Del/Reports/20240618_135831/Testing Automated/20240618_135832"/>
         <property name="logFiles" value="/Users/foundation-011/Katalon Studio/Pengujian CIS IT Del/Reports/20240618_135831/Testing Automated/20240618_135832/execution0.log"/>
         <property name="attachments" value=""/>
         <property name="hostName" value="foundation-011 - 10-63-56-6.0200.ilb.id.iosda.org"/>
         <property name="os" value="Mac OS X 64bit"/>
         <property name="katalonVersion" value="9.6.0.217"/>
         <property name="browser" value="Chrome 126.0.0.0"/>
         <property name="hostAddress" value="10.63.56.6"/>
         <property name="sessionId" value="7e75a55a4044ef5101f7c7e55c55302c"/>
         <property name="seleniumVersion" value="3.141.59"/>
         <property name="proxyInformation" value="ProxyInformation { proxyOption=NO_PROXY, proxyServerType=HTTP, username=, password=********, proxyServerAddress=, proxyServerPort=0, executionList=&quot;&quot;, isApplyToDesiredCapabilities=true }"/>
         <property name="platform" value="Mac OS X"/>
      </properties>
      <testcase name="Test Cases/Asrama dan Kemahasiswaan/Izin Kolaboratif" time="13.231" classname="Test Cases/Asrama dan Kemahasiswaan/Izin Kolaboratif" status="PASSED">
         <system-out><![CDATA[18-06-2024T13:58:38 - [TEST_CASE][PASSED] - Test Cases/Asrama dan Kemahasiswaan/Izin Kolaboratif: Test Cases/Asrama dan Kemahasiswaan/Izin Kolaboratif

18-06-2024T13:58:38 - [TEST_STEP][PASSED] - openBrowser(""): Browser is opened with url: ''

18-06-2024T13:58:38 - [MESSAGE][INFO] - Starting 'Chrome' driver

18-06-2024T13:58:38 - [MESSAGE][INFO] - Action delay is set to 0 milliseconds

18-06-2024T13:58:39 - [MESSAGE][PASSED] - Browser is opened with url: ''

18-06-2024T13:58:39 - [TEST_STEP][PASSED] - navigateToUrl("https://cis.del.ac.id/user/login"): Navigate to 'https://cis.del.ac.id/user/login' successfully

18-06-2024T13:58:40 - [MESSAGE][PASSED] - Navigate to 'https://cis.del.ac.id/user/login' successfully

18-06-2024T13:58:40 - [TEST_STEP][PASSED] - setText(findTestObject("Object Repository/Page_Login/input_Username_LoginFormusername"), "if322061"): Text 'if322061' is set on object 'Object Repository/Page_Login/input_Username_LoginFormusername'

18-06-2024T13:58:41 - [MESSAGE][PASSED] - Text 'if322061' is set on object 'Object Repository/Page_Login/input_Username_LoginFormusername'

18-06-2024T13:58:41 - [TEST_STEP][PASSED] - setEncryptedText(findTestObject("Object Repository/Page_Login/input_Password_LoginFormpassword"), "r0h5FLeGCTYg+BkHRFNenXgKWnGicbHL"): Text ****** has been set on object 'Object Repository/Page_Login/input_Password_LoginFormpassword'

18-06-2024T13:58:41 - [MESSAGE][PASSED] - Text ****** has been set on object 'Object Repository/Page_Login/input_Password_LoginFormpassword'

18-06-2024T13:58:41 - [TEST_STEP][PASSED] - click(findTestObject("Object Repository/Page_Login/button_Sign In")): Object: 'Object Repository/Page_Login/button_Sign In' is clicked on

18-06-2024T13:58:41 - [MESSAGE][PASSED] - Object: 'Object Repository/Page_Login/button_Sign In' is clicked on

18-06-2024T13:58:41 - [TEST_STEP][PASSED] - click(findTestObject("Object Repository/Page_Dashboard/span_Asrama  Kemahasiswaan")): Object: 'Object Repository/Page_Dashboard/span_Asrama  Kemahasiswaan' is clicked on

18-06-2024T13:58:44 - [MESSAGE][PASSED] - Object: 'Object Repository/Page_Dashboard/span_Asrama  Kemahasiswaan' is clicked on

18-06-2024T13:58:44 - [TEST_STEP][PASSED] - click(findTestObject("Object Repository/Page_Dashboard/a_Izin Kolaboratif")): Object: 'Object Repository/Page_Dashboard/a_Izin Kolaboratif' is clicked on

18-06-2024T13:58:45 - [MESSAGE][PASSED] - Object: 'Object Repository/Page_Dashboard/a_Izin Kolaboratif' is clicked on

18-06-2024T13:58:45 - [TEST_STEP][PASSED] - click(findTestObject("Object Repository/Page_Izin Tambahan Jam Kolaboratif/a_Request izin")): Object: 'Object Repository/Page_Izin Tambahan Jam Kolaboratif/a_Request izin' is clicked on

18-06-2024T13:58:46 - [MESSAGE][PASSED] - Object: 'Object Repository/Page_Izin Tambahan Jam Kolaboratif/a_Request izin' is clicked on

18-06-2024T13:58:46 - [TEST_STEP][PASSED] - click(findTestObject("Object Repository/Page_Request Izin Tambahan Jam Kolaboratif/input_Rencana Mulai_IzinKolaboratifrencana_mulai")): Object: 'Object Repository/Page_Request Izin Tambahan Jam Kolaboratif/input_Rencana Mulai_IzinKolaboratifrencana_mulai' is clicked on

18-06-2024T13:58:47 - [MESSAGE][PASSED] - Object: 'Object Repository/Page_Request Izin Tambahan Jam Kolaboratif/input_Rencana Mulai_IzinKolaboratifrencana_mulai' is clicked on

18-06-2024T13:58:47 - [TEST_STEP][PASSED] - click(findTestObject("Object Repository/Page_Request Izin Tambahan Jam Kolaboratif/td_20")): Object: 'Object Repository/Page_Request Izin Tambahan Jam Kolaboratif/td_20' is clicked on

18-06-2024T13:58:47 - [MESSAGE][PASSED] - Object: 'Object Repository/Page_Request Izin Tambahan Jam Kolaboratif/td_20' is clicked on

18-06-2024T13:58:47 - [TEST_STEP][PASSED] - click(findTestObject("Object Repository/Page_Request Izin Tambahan Jam Kolaboratif/input_Rencana Berakhir_IzinKolaboratifrenca_cc4134")): Object: 'Object Repository/Page_Request Izin Tambahan Jam Kolaboratif/input_Rencana Berakhir_IzinKolaboratifrenca_cc4134' is clicked on

18-06-2024T13:58:48 - [MESSAGE][PASSED] - Object: 'Object Repository/Page_Request Izin Tambahan Jam Kolaboratif/input_Rencana Berakhir_IzinKolaboratifrenca_cc4134' is clicked on

18-06-2024T13:58:48 - [TEST_STEP][PASSED] - click(findTestObject("Object Repository/Page_Request Izin Tambahan Jam Kolaboratif/td_21")): Object: 'Object Repository/Page_Request Izin Tambahan Jam Kolaboratif/td_21' is clicked on

18-06-2024T13:58:48 - [MESSAGE][PASSED] - Object: 'Object Repository/Page_Request Izin Tambahan Jam Kolaboratif/td_21' is clicked on

18-06-2024T13:58:48 - [TEST_STEP][PASSED] - click(findTestObject("Object Repository/Page_Request Izin Tambahan Jam Kolaboratif/input_Batas Waktu_IzinKolaboratifbatas_waktu")): Object: 'Object Repository/Page_Request Izin Tambahan Jam Kolaboratif/input_Batas Waktu_IzinKolaboratifbatas_waktu' is clicked on

18-06-2024T13:58:49 - [MESSAGE][PASSED] - Object: 'Object Repository/Page_Request Izin Tambahan Jam Kolaboratif/input_Batas Waktu_IzinKolaboratifbatas_waktu' is clicked on

18-06-2024T13:58:49 - [TEST_STEP][PASSED] - click(findTestObject("Object Repository/Page_Request Izin Tambahan Jam Kolaboratif/span_1300")): Object: 'Object Repository/Page_Request Izin Tambahan Jam Kolaboratif/span_1300' is clicked on

18-06-2024T13:58:49 - [MESSAGE][PASSED] - Object: 'Object Repository/Page_Request Izin Tambahan Jam Kolaboratif/span_1300' is clicked on

18-06-2024T13:58:49 - [TEST_STEP][PASSED] - click(findTestObject("Object Repository/Page_Request Izin Tambahan Jam Kolaboratif/span_1350")): Object: 'Object Repository/Page_Request Izin Tambahan Jam Kolaboratif/span_1350' is clicked on

18-06-2024T13:58:50 - [MESSAGE][PASSED] - Object: 'Object Repository/Page_Request Izin Tambahan Jam Kolaboratif/span_1350' is clicked on

18-06-2024T13:58:50 - [TEST_STEP][PASSED] - click(findTestObject("Object Repository/Page_Request Izin Tambahan Jam Kolaboratif/label_Keterangan")): Object: 'Object Repository/Page_Request Izin Tambahan Jam Kolaboratif/label_Keterangan' is clicked on

18-06-2024T13:58:50 - [MESSAGE][PASSED] - Object: 'Object Repository/Page_Request Izin Tambahan Jam Kolaboratif/label_Keterangan' is clicked on

18-06-2024T13:58:50 - [TEST_STEP][PASSED] - setText(findTestObject("Object Repository/Page_Request Izin Tambahan Jam Kolaboratif/textarea_Keterangan_IzinKolaboratifdesc"), "Automated Testing"): Text 'Automated Testing' is set on object 'Object Repository/Page_Request Izin Tambahan Jam Kolaboratif/textarea_Keterangan_IzinKolaboratifdesc'

18-06-2024T13:58:51 - [MESSAGE][PASSED] - Text 'Automated Testing' is set on object 'Object Repository/Page_Request Izin Tambahan Jam Kolaboratif/textarea_Keterangan_IzinKolaboratifdesc'

18-06-2024T13:58:51 - [TEST_STEP][PASSED] - click(findTestObject("Object Repository/Page_Request Izin Tambahan Jam Kolaboratif/button_Buat Baru")): Object: 'Object Repository/Page_Request Izin Tambahan Jam Kolaboratif/button_Buat Baru' is clicked on

18-06-2024T13:58:51 - [MESSAGE][PASSED] - Object: 'Object Repository/Page_Request Izin Tambahan Jam Kolaboratif/button_Buat Baru' is clicked on

18-06-2024T13:58:51 - [TEST_STEP][PASSED] - closeBrowser(): Browser is closed

18-06-2024T13:58:51 - [MESSAGE][PASSED] - Browser is closed]]></system-out>
         <system-err><![CDATA[]]></system-err>
      </testcase>
      <system-out><![CDATA[18-06-2024T13:58:38 - [TEST_SUITE][PASSED] - Testing Automated: Test Cases/Asrama dan Kemahasiswaan/Izin Kolaboratif]]></system-out>
      <system-err><![CDATA[]]></system-err>
   </testsuite>
</testsuites>
