<?xml version="1.0" encoding="UTF-8"?>
<testsuites name="Testing Automated (3)" time="10.867" tests="2" failures="0" errors="0">
   <testsuite name="Testing Automated (3)" tests="2" failures="0" errors="0" time="10.867" skipped="0" timestamp="18-06-2024T15:30:57" hostname="foundation-011 - 10-63-56-6.0200.ilb.id.iosda.org" id="Test Suites/Testing Automated (3)">
      <properties>
         <property name="deviceName" value=""/>
         <property name="devicePlatform"/>
         <property name="logFolder" value="/Users/foundation-011/Katalon Studio/Pengujian CIS IT Del/Reports/20240618_153053/Testing Automated (3)/20240618_153053"/>
         <property name="logFiles" value="/Users/foundation-011/Katalon Studio/Pengujian CIS IT Del/Reports/20240618_153053/Testing Automated (3)/20240618_153053/execution0.log"/>
         <property name="attachments" value=""/>
         <property name="hostName" value="foundation-011 - 10-63-56-6.0200.ilb.id.iosda.org"/>
         <property name="os" value="Mac OS X 64bit"/>
         <property name="katalonVersion" value="9.6.0.217"/>
         <property name="browser" value="Chrome 126.0.0.0"/>
         <property name="hostAddress" value="10.63.56.6"/>
         <property name="sessionId" value="4feed0958dfe172a43ec135636ca764c"/>
         <property name="seleniumVersion" value="3.141.59"/>
         <property name="proxyInformation" value="ProxyInformation { proxyOption=NO_PROXY, proxyServerType=HTTP, username=, password=********, proxyServerAddress=, proxyServerPort=0, executionList=&quot;&quot;, isApplyToDesiredCapabilities=true }"/>
         <property name="platform" value="Mac OS X"/>
      </properties>
      <testcase name="Test Cases/Authentication/Login" time="4.994" classname="Test Cases/Authentication/Login" status="PASSED">
         <system-out><![CDATA[18-06-2024T15:30:57 - [TEST_CASE][PASSED] - Test Cases/Authentication/Login: Test Cases/Authentication/Login

18-06-2024T15:30:57 - [TEST_STEP][PASSED] - openBrowser(""): Browser is opened with url: ''

18-06-2024T15:30:57 - [MESSAGE][INFO] - Starting 'Chrome' driver

18-06-2024T15:30:57 - [MESSAGE][INFO] - Action delay is set to 0 milliseconds

18-06-2024T15:30:59 - [MESSAGE][PASSED] - Browser is opened with url: ''

18-06-2024T15:30:59 - [TEST_STEP][PASSED] - closeBrowser(): Browser is closed

18-06-2024T15:30:59 - [MESSAGE][PASSED] - Browser is closed

18-06-2024T15:30:59 - [TEST_STEP][PASSED] - openBrowser(""): Browser is opened with url: ''

18-06-2024T15:30:59 - [MESSAGE][INFO] - Starting 'Chrome' driver

18-06-2024T15:30:59 - [MESSAGE][INFO] - Action delay is set to 0 milliseconds

18-06-2024T15:30:59 - [MESSAGE][PASSED] - Browser is opened with url: ''

18-06-2024T15:30:59 - [TEST_STEP][PASSED] - closeBrowser(): Browser is closed

18-06-2024T15:30:59 - [MESSAGE][PASSED] - Browser is closed

18-06-2024T15:30:59 - [TEST_STEP][PASSED] - openBrowser(""): Browser is opened with url: ''

18-06-2024T15:30:59 - [MESSAGE][INFO] - Starting 'Chrome' driver

18-06-2024T15:30:59 - [MESSAGE][INFO] - Action delay is set to 0 milliseconds

18-06-2024T15:31:00 - [MESSAGE][PASSED] - Browser is opened with url: ''

18-06-2024T15:31:00 - [TEST_STEP][PASSED] - navigateToUrl("https://cis.del.ac.id/user/login"): Navigate to 'https://cis.del.ac.id/user/login' successfully

18-06-2024T15:31:01 - [MESSAGE][PASSED] - Navigate to 'https://cis.del.ac.id/user/login' successfully

18-06-2024T15:31:01 - [TEST_STEP][PASSED] - setText(findTestObject("Object Repository/Page_Login/input_Username_LoginFormusername"), "if322061"): Text 'if322061' is set on object 'Object Repository/Page_Login/input_Username_LoginFormusername'

18-06-2024T15:31:02 - [MESSAGE][PASSED] - Text 'if322061' is set on object 'Object Repository/Page_Login/input_Username_LoginFormusername'

18-06-2024T15:31:02 - [TEST_STEP][PASSED] - setEncryptedText(findTestObject("Object Repository/Page_Login/input_Password_LoginFormpassword"), "r0h5FLeGCTYg+BkHRFNenXgKWnGicbHL"): Text ****** has been set on object 'Object Repository/Page_Login/input_Password_LoginFormpassword'

18-06-2024T15:31:02 - [MESSAGE][PASSED] - Text ****** has been set on object 'Object Repository/Page_Login/input_Password_LoginFormpassword']]></system-out>
         <system-err><![CDATA[]]></system-err>
      </testcase>
      <testcase name="Test Cases/Authentication/Logout" time="5.82" classname="Test Cases/Authentication/Logout" status="PASSED">
         <system-out><![CDATA[18-06-2024T15:31:02 - [TEST_CASE][PASSED] - Test Cases/Authentication/Logout: Test Cases/Authentication/Logout

18-06-2024T15:31:02 - [TEST_STEP][PASSED] - openBrowser(""): Browser is opened with url: ''

18-06-2024T15:31:02 - [MESSAGE][WARNING] - A browser is already opened. Closing browser and opening a new one

18-06-2024T15:31:02 - [MESSAGE][INFO] - Starting 'Chrome' driver

18-06-2024T15:31:02 - [MESSAGE][INFO] - Action delay is set to 0 milliseconds

18-06-2024T15:31:03 - [MESSAGE][PASSED] - Browser is opened with url: ''

18-06-2024T15:31:03 - [TEST_STEP][PASSED] - navigateToUrl("https://cis.del.ac.id/user/login"): Navigate to 'https://cis.del.ac.id/user/login' successfully

18-06-2024T15:31:04 - [MESSAGE][PASSED] - Navigate to 'https://cis.del.ac.id/user/login' successfully

18-06-2024T15:31:04 - [TEST_STEP][PASSED] - setText(findTestObject("Object Repository/Page_Login/input_Username_LoginFormusername"), "if322061"): Text 'if322061' is set on object 'Object Repository/Page_Login/input_Username_LoginFormusername'

18-06-2024T15:31:04 - [MESSAGE][PASSED] - Text 'if322061' is set on object 'Object Repository/Page_Login/input_Username_LoginFormusername'

18-06-2024T15:31:04 - [TEST_STEP][PASSED] - setEncryptedText(findTestObject("Object Repository/Page_Login/input_Password_LoginFormpassword"), "r0h5FLeGCTYg+BkHRFNenXgKWnGicbHL"): Text ****** has been set on object 'Object Repository/Page_Login/input_Password_LoginFormpassword'

18-06-2024T15:31:05 - [MESSAGE][PASSED] - Text ****** has been set on object 'Object Repository/Page_Login/input_Password_LoginFormpassword'

18-06-2024T15:31:05 - [TEST_STEP][PASSED] - click(findTestObject("Object Repository/Page_Login/button_Sign In")): Object: 'Object Repository/Page_Login/button_Sign In' is clicked on

18-06-2024T15:31:05 - [MESSAGE][PASSED] - Object: 'Object Repository/Page_Login/button_Sign In' is clicked on

18-06-2024T15:31:05 - [TEST_STEP][PASSED] - click(findTestObject("Object Repository/Page_Dashboard/span_Johanna  Romauli Siagian")): Object: 'Object Repository/Page_Dashboard/span_Johanna  Romauli Siagian' is clicked on

18-06-2024T15:31:07 - [MESSAGE][PASSED] - Object: 'Object Repository/Page_Dashboard/span_Johanna  Romauli Siagian' is clicked on

18-06-2024T15:31:07 - [TEST_STEP][PASSED] - click(findTestObject("Object Repository/Page_Dashboard/a_Sign out")): Object: 'Object Repository/Page_Dashboard/a_Sign out' is clicked on

18-06-2024T15:31:08 - [MESSAGE][PASSED] - Object: 'Object Repository/Page_Dashboard/a_Sign out' is clicked on

18-06-2024T15:31:08 - [TEST_STEP][PASSED] - closeBrowser(): Browser is closed

18-06-2024T15:31:08 - [MESSAGE][PASSED] - Browser is closed]]></system-out>
         <system-err><![CDATA[]]></system-err>
      </testcase>
      <system-out><![CDATA[18-06-2024T15:30:57 - [TEST_SUITE][PASSED] - Testing Automated (3): Test Cases/Authentication/Logout]]></system-out>
      <system-err><![CDATA[]]></system-err>
   </testsuite>
</testsuites>
